<?xml version="1.0" encoding="UTF-8"?>
<testng-results ignored="0" total="1" passed="1" failed="0" skipped="0">
  <reporter-output>
  </reporter-output>
  <suite started-at="2021-04-21T01:24:46 IST" name="Default suite" finished-at="2021-04-21T01:25:03 IST" duration-ms="17293">
    <groups>
    </groups>
    <test started-at="2021-04-21T01:24:46 IST" name="Default test" finished-at="2021-04-21T01:25:03 IST" duration-ms="17293">
      <class name="browserLunch.ChromeBrowser">
        <test-method signature="ChromeBrowserLunch()[pri:0, instance:browserLunch.ChromeBrowser@117e949d]" started-at="2021-04-21T01:24:46 IST" name="ChromeBrowserLunch" finished-at="2021-04-21T01:25:03 IST" duration-ms="17258" status="PASS">
          <reporter-output>
          </reporter-output>
        </test-method> <!-- ChromeBrowserLunch -->
      </class> <!-- browserLunch.ChromeBrowser -->
    </test> <!-- Default test -->
  </suite> <!-- Default suite -->
</testng-results>
